[35m[1mScanning dependencies of target icp[0m
[35m[1mScanning dependencies of target ros_bridge[0m
[  7%] [32mBuilding CXX object CMakeFiles/icp.dir/src/icp/eigen_icp_2d.cpp.o[0m
[ 15%] [32mBuilding CXX object CMakeFiles/ros_bridge.dir/src/ros_bridge.cpp.o[0m
[ 23%] [32m[1mLinking CXX shared library /home/mf/Scrivania/2d_normal_lidar_odom/devel/.private/normal_lidar_odometry/lib/libros_bridge.so[0m
[ 23%] Built target ros_bridge
[ 30%] [32m[1mLinking CXX shared library /home/mf/Scrivania/2d_normal_lidar_odom/devel/.private/normal_lidar_odometry/lib/libicp.so[0m
[ 30%] Built target icp
[35m[1mScanning dependencies of target tracker[0m
[35m[1mScanning dependencies of target nicp[0m
[ 38%] [32mBuilding CXX object CMakeFiles/nicp.dir/src/nicp/eigen_nicp_2d.cpp.o[0m
[ 46%] [32mBuilding CXX object CMakeFiles/nicp.dir/src/nicp/normal_estimator.cpp.o[0m
[ 53%] [32mBuilding CXX object CMakeFiles/tracker.dir/src/tracker.cpp.o[0m
[ 61%] [32m[1mLinking CXX shared library /home/mf/Scrivania/2d_normal_lidar_odom/devel/.private/normal_lidar_odometry/lib/libtracker.so[0m
[ 61%] Built target tracker
[35m[1mScanning dependencies of target lidar_icp_node[0m
[ 69%] [32mBuilding CXX object CMakeFiles/lidar_icp_node.dir/bin/lidar_icp_node.cpp.o[0m
[ 76%] [32m[1mLinking CXX shared library /home/mf/Scrivania/2d_normal_lidar_odom/devel/.private/normal_lidar_odometry/lib/libnicp.so[0m
[ 76%] Built target nicp
[35m[1mScanning dependencies of target normal_tracker[0m
[ 84%] [32mBuilding CXX object CMakeFiles/normal_tracker.dir/src/normal_tracker.cpp.o[0m
[ 92%] [32m[1mLinking CXX executable /home/mf/Scrivania/2d_normal_lidar_odom/devel/.private/normal_lidar_odometry/lib/normal_lidar_odometry/lidar_icp_node[0m
[ 92%] Built target lidar_icp_node
[100%] [32m[1mLinking CXX shared library /home/mf/Scrivania/2d_normal_lidar_odom/devel/.private/normal_lidar_odometry/lib/libnormal_tracker.so[0m
[100%] Built target normal_tracker
