[01m[K/home/mf/Scrivania/2d_normal_lidar_odom/src/exercise/src/normal_tracker.cpp:[m[K In member function ‘[01m[Kvoid NormalScanTracker::process(const ContainerType&)[m[K’:
[01m[K/home/mf/Scrivania/2d_normal_lidar_odom/src/exercise/src/normal_tracker.cpp:34:24:[m[K [01;31m[Kerror: [m[K‘[01m[KNormalFrameToKFOdometry[m[K’ was not declared in this scope
   34 |   Eigen::Isometry2f X_=[01;31m[KNormalFrameToKFOdometry[m[K(solver,_keyframe_max_dist,_keyframe_max_rot);
      |                        [01;31m[K^~~~~~~~~~~~~~~~~~~~~~~[m[K
[01m[K/home/mf/Scrivania/2d_normal_lidar_odom/src/exercise/src/normal_tracker.cpp:36:3:[m[K [01;31m[Kerror: [m[K‘[01m[K_X_moving_in_map[m[K’ was not declared in this scope; did you mean ‘[01m[K_X_moving_in_keyframe[m[K’?
   36 |   [01;31m[K_X_moving_in_map[m[K = X_;
      |   [01;31m[K^~~~~~~~~~~~~~~~[m[K
      |   [32m[K_X_moving_in_keyframe[m[K
[01m[K/home/mf/Scrivania/2d_normal_lidar_odom/src/exercise/src/normal_tracker.cpp:[m[K In function ‘[01m[KEigen::Isometry2f NormalFrameToKFOdometry(NICP, float, float)[m[K’:
[01m[K/home/mf/Scrivania/2d_normal_lidar_odom/src/exercise/src/normal_tracker.cpp:43:5:[m[K [01;31m[Kerror: [m[K‘[01m[KX_moving_in_keyframe[m[K’ was not declared in this scope
   43 |     [01;31m[KX_moving_in_keyframe[m[K = solver.X()
      |     [01;31m[K^~~~~~~~~~~~~~~~~~~~[m[K
[01m[K/home/mf/Scrivania/2d_normal_lidar_odom/src/exercise/src/normal_tracker.cpp:43:35:[m[K [01;31m[Kerror: [m[K‘[01m[Kclass NICP[m[K’ has no member named ‘[01m[KX[m[K’; did you mean ‘[01m[KEigen::Isometry2f NICP::_X[m[K’? (not accessible from this context)
   43 |     X_moving_in_keyframe = solver.[01;31m[KX[m[K()
      |                                   [01;31m[K^[m[K
In file included from [01m[K/home/mf/Scrivania/2d_normal_lidar_odom/src/exercise/src/normal_tracker.cpp:8[m[K:
[01m[K/home/mf/Scrivania/2d_normal_lidar_odom/src/exercise/include/nicp/eigen_nicp_2d.h:55:21:[m[K [01;36m[Knote: [m[Kdeclared protected here
   55 |   Eigen::Isometry2f [01;36m[K_X[m[K = Eigen::Isometry2f::Identity();
      |                     [01;36m[K^~[m[K
[01m[K/home/mf/Scrivania/2d_normal_lidar_odom/src/exercise/src/normal_tracker.cpp:52:12:[m[K [01;31m[Kerror: [m[K‘[01m[KX_keyframe_in_map[m[K’ was not declared in this scope
   52 |     return [01;31m[KX_keyframe_in_map[m[K * X_moving_in_keyframe
      |            [01;31m[K^~~~~~~~~~~~~~~~~[m[K
[01m[K/home/mf/Scrivania/2d_normal_lidar_odom/src/exercise/src/normal_tracker.cpp:52:52:[m[K [01;31m[Kerror: [m[Kexpected ‘[01m[K;[m[K’ before ‘[01m[K}[m[K’ token
   52 |     return X_keyframe_in_map * X_moving_in_keyframe
      |                                                    [01;31m[K^[m[K
      |                                                    [32m[K;[m[K
   53 | [32m[K}[m[K
      | [32m[K~[m[K                                                   
make[2]: *** [CMakeFiles/normal_tracker.dir/build.make:63: CMakeFiles/normal_tracker.dir/src/normal_tracker.cpp.o] Errore 1
make[1]: *** [CMakeFiles/Makefile2:231: CMakeFiles/normal_tracker.dir/all] Errore 2
make: *** [Makefile:141: all] Errore 2
