In file included from [01m[K/home/mf/Scrivania/2d_normal_lidar_odom/src/exercise/src/normal_tracker.cpp:1[m[K:
[01m[K/home/mf/Scrivania/2d_normal_lidar_odom/src/exercise/include/normal_tracker.h:32:64:[m[K [01;31m[Kerror: [m[K‘[01m[KNICP[m[K’ has not been declared
   32 |   Eigen::Isometry2f NormalScanTracker::NormalFrameToKFOdometry([01;31m[KNICP[m[K solver)
      |                                                                [01;31m[K^~~~[m[K
[01m[K/home/mf/Scrivania/2d_normal_lidar_odom/src/exercise/include/normal_tracker.h:32:21:[m[K [01;31m[Kerror: [m[Kextra qualification ‘[01m[KNormalScanTracker::[m[K’ on member ‘[01m[KNormalFrameToKFOdometry[m[K’ [[01;31m[K-fpermissive[m[K]
   32 |   Eigen::Isometry2f [01;31m[KNormalScanTracker[m[K::NormalFrameToKFOdometry(NICP solver)
      |                     [01;31m[K^~~~~~~~~~~~~~~~~[m[K
[01m[K/home/mf/Scrivania/2d_normal_lidar_odom/src/exercise/include/normal_tracker.h:32:75:[m[K [01;31m[Kerror: [m[Kexpected ‘[01m[K;[m[K’ at end of member declaration
   32 |   Eigen::Isometry2f NormalScanTracker::NormalFrameToKFOdometry(NICP solver[01;31m[K)[m[K
      |                                                                           [01;31m[K^[m[K
      |                                                                            [32m[K;[m[K
[01m[K/home/mf/Scrivania/2d_normal_lidar_odom/src/exercise/src/normal_tracker.cpp:[m[K In member function ‘[01m[Kvoid NormalScanTracker::process(const ContainerType&)[m[K’:
[01m[K/home/mf/Scrivania/2d_normal_lidar_odom/src/exercise/src/normal_tracker.cpp:35:47:[m[K [01;31m[Kerror: [m[Kcannot convert ‘[01m[KNICP[m[K’ to ‘[01m[Kint[m[K’
   35 |   Eigen::Isometry2f X=NormalFrameToKFOdometry([01;31m[Ksolver[m[K);
      |                                               [01;31m[K^~~~~~[m[K
      |                                               [01;31m[K|[m[K
      |                                               [01;31m[KNICP[m[K
In file included from [01m[K/home/mf/Scrivania/2d_normal_lidar_odom/src/exercise/src/normal_tracker.cpp:1[m[K:
[01m[K/home/mf/Scrivania/2d_normal_lidar_odom/src/exercise/include/normal_tracker.h:32:69:[m[K [01;36m[Knote: [m[K  initializing argument 1 of ‘[01m[KEigen::Isometry2f NormalScanTracker::NormalFrameToKFOdometry(int)[m[K’
   32 |   Eigen::Isometry2f NormalScanTracker::NormalFrameToKFOdometry([01;36m[KNICP solver[m[K)
      |                                                                [01;36m[K~~~~~^~~~~~[m[K
[01m[K/home/mf/Scrivania/2d_normal_lidar_odom/src/exercise/src/normal_tracker.cpp:[m[K At global scope:
[01m[K/home/mf/Scrivania/2d_normal_lidar_odom/src/exercise/src/normal_tracker.cpp:43:19:[m[K [01;31m[Kerror: [m[Kno declaration matches ‘[01m[KEigen::Isometry2f NormalScanTracker::NormalFrameToKFOdometry(NICP)[m[K’
   43 | Eigen::Isometry2f [01;31m[KNormalScanTracker[m[K::NormalFrameToKFOdometry(NICP solver) {
      |                   [01;31m[K^~~~~~~~~~~~~~~~~[m[K
In file included from [01m[K/home/mf/Scrivania/2d_normal_lidar_odom/src/exercise/src/normal_tracker.cpp:1[m[K:
[01m[K/home/mf/Scrivania/2d_normal_lidar_odom/src/exercise/include/normal_tracker.h:32:21:[m[K [01;36m[Knote: [m[Kcandidate is: ‘[01m[KEigen::Isometry2f NormalScanTracker::NormalFrameToKFOdometry(int)[m[K’
   32 |   Eigen::Isometry2f [01;36m[KNormalScanTracker[m[K::NormalFrameToKFOdometry(NICP solver)
      |                     [01;36m[K^~~~~~~~~~~~~~~~~[m[K
[01m[K/home/mf/Scrivania/2d_normal_lidar_odom/src/exercise/include/normal_tracker.h:7:7:[m[K [01;36m[Knote: [m[K‘[01m[Kclass NormalScanTracker[m[K’ defined here
    7 | class [01;36m[KNormalScanTracker[m[K {
      |       [01;36m[K^~~~~~~~~~~~~~~~~[m[K
In file included from [01m[K/home/mf/Scrivania/2d_normal_lidar_odom/src/exercise/bin/lidar_icp_node.cpp:9[m[K:
[01m[K/home/mf/Scrivania/2d_normal_lidar_odom/src/exercise/include/normal_tracker.h:32:64:[m[K [01;31m[Kerror: [m[K‘[01m[KNICP[m[K’ has not been declared
   32 |   Eigen::Isometry2f NormalScanTracker::NormalFrameToKFOdometry([01;31m[KNICP[m[K solver)
      |                                                                [01;31m[K^~~~[m[K
[01m[K/home/mf/Scrivania/2d_normal_lidar_odom/src/exercise/include/normal_tracker.h:32:21:[m[K [01;31m[Kerror: [m[Kextra qualification ‘[01m[KNormalScanTracker::[m[K’ on member ‘[01m[KNormalFrameToKFOdometry[m[K’ [[01;31m[K-fpermissive[m[K]
   32 |   Eigen::Isometry2f [01;31m[KNormalScanTracker[m[K::NormalFrameToKFOdometry(NICP solver)
      |                     [01;31m[K^~~~~~~~~~~~~~~~~[m[K
[01m[K/home/mf/Scrivania/2d_normal_lidar_odom/src/exercise/include/normal_tracker.h:32:75:[m[K [01;31m[Kerror: [m[Kexpected ‘[01m[K;[m[K’ at end of member declaration
   32 |   Eigen::Isometry2f NormalScanTracker::NormalFrameToKFOdometry(NICP solver[01;31m[K)[m[K
      |                                                                           [01;31m[K^[m[K
      |                                                                            [32m[K;[m[K
make[2]: *** [CMakeFiles/lidar_icp_node.dir/build.make:63: CMakeFiles/lidar_icp_node.dir/bin/lidar_icp_node.cpp.o] Errore 1
make[1]: *** [CMakeFiles/Makefile2:202: CMakeFiles/lidar_icp_node.dir/all] Errore 2
make[1]: *** Attesa per i processi non terminati....
make[2]: *** [CMakeFiles/normal_tracker.dir/build.make:63: CMakeFiles/normal_tracker.dir/src/normal_tracker.cpp.o] Errore 1
make[1]: *** [CMakeFiles/Makefile2:231: CMakeFiles/normal_tracker.dir/all] Errore 2
make: *** [Makefile:141: all] Errore 2
